2024-06-14 13:00:44,478:INFO: ================================================================================
2024-06-14 13:00:44,478:INFO: Summary of normal model training process:
2024-06-14 13:00:44,479:INFO: Dataset: CIFAR10-alpha100.0-ratio1.0-users10
2024-06-14 13:00:44,479:INFO: model: resnet18
2024-06-14 13:00:44,479:INFO: Device: cuda
2024-06-14 13:00:44,480:INFO: Number of global rounds: 150
2024-06-14 13:00:44,480:INFO: Number of local rounds: 10
2024-06-14 13:00:44,480:INFO: Clents' learning rate: 0.1
2024-06-14 13:00:44,481:INFO: ================================================================================
2024-06-14 13:00:57,443:INFO: Users in total: 10
2024-06-14 13:00:58,096:INFO: Number of users per round / total users: 10 / 10
2024-06-14 13:00:58,099:INFO: Finished creating FedAvg server.
2024-06-14 13:00:58,101:INFO: 

-------------Round number: 0 -------------


2024-06-14 13:01:41,422:INFO: Average Global Accurancy = 0.0967, Loss = 882837.03.
2024-06-14 13:01:41,422:INFO: Best Global Accurancy = 0.0967, Loss = 882837.03, Iter = 0.
2024-06-14 13:03:40,375:INFO: 

-------------Round number: 1 -------------


2024-06-14 13:04:15,361:INFO: Average Global Accurancy = 0.0999, Loss = 715566989745900800.00.
2024-06-14 13:04:15,362:INFO: Best Global Accurancy = 0.0999, Loss = 715566989745900800.00, Iter = 1.
2024-06-14 13:07:01,983:INFO: 

-------------Round number: 2 -------------


2024-06-14 13:07:34,912:INFO: Average Global Accurancy = 0.0999, Loss = 11034741582279476.00.
2024-06-14 13:07:34,913:INFO: Best Global Accurancy = 0.0999, Loss = 715566989745900800.00, Iter = 1.
2024-06-14 13:10:25,712:INFO: 

-------------Round number: 3 -------------


2024-06-14 13:10:59,192:INFO: Average Global Accurancy = 0.1000, Loss = 24925762332760472.00.
2024-06-14 13:10:59,192:INFO: Best Global Accurancy = 0.1000, Loss = 24925762332760472.00, Iter = 3.
2024-06-14 13:13:43,101:INFO: 

-------------Round number: 4 -------------


2024-06-14 13:14:16,359:INFO: Average Global Accurancy = 0.1003, Loss = 194581197041015200.00.
2024-06-14 13:14:16,360:INFO: Best Global Accurancy = 0.1003, Loss = 194581197041015200.00, Iter = 4.
2024-06-14 13:16:49,109:INFO: 

-------------Round number: 5 -------------


2024-06-14 13:17:17,193:INFO: Average Global Accurancy = 0.1000, Loss = 2853169995043988992.00.
2024-06-14 13:17:17,194:INFO: Best Global Accurancy = 0.1003, Loss = 194581197041015200.00, Iter = 4.
2024-06-14 13:19:39,756:INFO: 

-------------Round number: 6 -------------


2024-06-14 13:20:08,314:INFO: Average Global Accurancy = 0.1002, Loss = 24456302116593676288.00.
2024-06-14 13:20:08,315:INFO: Best Global Accurancy = 0.1003, Loss = 194581197041015200.00, Iter = 4.
2024-06-14 13:22:51,729:INFO: 

-------------Round number: 7 -------------


2024-06-14 13:23:24,509:INFO: Average Global Accurancy = 0.0994, Loss = 231993397200327114752.00.
2024-06-14 13:23:24,510:INFO: Best Global Accurancy = 0.1003, Loss = 194581197041015200.00, Iter = 4.
2024-06-14 13:26:07,918:INFO: 

-------------Round number: 8 -------------


2024-06-14 13:26:40,779:INFO: Average Global Accurancy = 0.0999, Loss = 2655886866510935228416.00.
2024-06-14 13:26:40,779:INFO: Best Global Accurancy = 0.1003, Loss = 194581197041015200.00, Iter = 4.
2024-06-14 13:29:21,129:INFO: 

-------------Round number: 9 -------------


2024-06-14 13:29:54,043:INFO: Average Global Accurancy = 0.1001, Loss = 32116463052131930210304.00.
2024-06-14 13:29:54,044:INFO: Best Global Accurancy = 0.1003, Loss = 194581197041015200.00, Iter = 4.
2024-06-14 13:32:46,391:INFO: 

-------------Round number: 10 -------------


2024-06-14 13:33:19,318:INFO: Average Global Accurancy = 0.1002, Loss = 221734694326949134729216.00.
2024-06-14 13:33:19,318:INFO: Best Global Accurancy = 0.1003, Loss = 194581197041015200.00, Iter = 4.
2024-06-14 13:36:11,139:INFO: 

-------------Round number: 11 -------------


2024-06-14 13:36:44,044:INFO: Average Global Accurancy = 0.0985, Loss = 2243303358657047841210368.00.
2024-06-14 13:36:44,045:INFO: Best Global Accurancy = 0.1003, Loss = 194581197041015200.00, Iter = 4.
2024-06-14 13:39:08,849:INFO: 

-------------Round number: 12 -------------


2024-06-14 13:39:37,301:INFO: Average Global Accurancy = 0.1014, Loss = 13142617953655233756266496.00.
2024-06-14 13:39:37,301:INFO: Best Global Accurancy = 0.1014, Loss = 13142617953655233756266496.00, Iter = 12.
2024-06-14 13:42:09,046:INFO: 

-------------Round number: 13 -------------


2024-06-14 13:42:41,993:INFO: Average Global Accurancy = 0.1012, Loss = 117432479136359832350621696.00.
2024-06-14 13:42:41,994:INFO: Best Global Accurancy = 0.1014, Loss = 13142617953655233756266496.00, Iter = 12.
2024-06-14 13:45:22,374:INFO: 

-------------Round number: 14 -------------


2024-06-14 13:45:55,281:INFO: Average Global Accurancy = 0.0975, Loss = 1151376781636812140143706112.00.
2024-06-14 13:45:55,282:INFO: Best Global Accurancy = 0.1014, Loss = 13142617953655233756266496.00, Iter = 12.
2024-06-14 13:48:36,675:INFO: 

-------------Round number: 15 -------------


2024-06-14 13:49:09,667:INFO: Average Global Accurancy = 0.0999, Loss = 10365979420826386752084115456.00.
2024-06-14 13:49:09,668:INFO: Best Global Accurancy = 0.1014, Loss = 13142617953655233756266496.00, Iter = 12.
2024-06-14 14:28:03,741:INFO: 

-------------Round number: 16 -------------


2024-06-14 14:28:37,052:INFO: Average Global Accurancy = 0.0935, Loss = nan.
2024-06-14 14:28:37,053:INFO: Best Global Accurancy = 0.1014, Loss = 13142617953655233756266496.00, Iter = 12.
2024-06-14 14:31:18,767:INFO: 

-------------Round number: 17 -------------


2024-06-14 14:31:51,617:INFO: Average Global Accurancy = 0.1000, Loss = nan.
2024-06-14 14:31:51,617:INFO: Best Global Accurancy = 0.1014, Loss = 13142617953655233756266496.00, Iter = 12.
2024-06-14 14:34:30,685:INFO: 

-------------Round number: 18 -------------


2024-06-14 14:34:58,542:INFO: Average Global Accurancy = 0.1000, Loss = 3161039335793495113728.00.
2024-06-14 14:34:58,543:INFO: Best Global Accurancy = 0.1014, Loss = 13142617953655233756266496.00, Iter = 12.
2024-06-14 14:37:29,600:INFO: 

-------------Round number: 19 -------------


2024-06-14 14:38:07,767:INFO: Average Global Accurancy = 0.1000, Loss = nan.
2024-06-14 14:38:07,768:INFO: Best Global Accurancy = 0.1014, Loss = 13142617953655233756266496.00, Iter = 12.
2024-06-14 14:41:07,350:INFO: 

-------------Round number: 20 -------------


2024-06-14 14:41:44,637:INFO: Average Global Accurancy = 0.1000, Loss = nan.
2024-06-14 14:41:44,638:INFO: Best Global Accurancy = 0.1014, Loss = 13142617953655233756266496.00, Iter = 12.
2024-06-14 14:44:43,791:INFO: 

-------------Round number: 21 -------------


2024-06-14 14:45:20,912:INFO: Average Global Accurancy = 0.1000, Loss = nan.
2024-06-14 14:45:20,912:INFO: Best Global Accurancy = 0.1014, Loss = 13142617953655233756266496.00, Iter = 12.
2024-06-14 14:48:20,195:INFO: 

-------------Round number: 22 -------------


2024-06-14 14:48:57,270:INFO: Average Global Accurancy = 0.1000, Loss = nan.
2024-06-14 14:48:57,271:INFO: Best Global Accurancy = 0.1014, Loss = 13142617953655233756266496.00, Iter = 12.
2024-06-14 14:51:56,384:INFO: 

-------------Round number: 23 -------------


2024-06-14 14:52:33,567:INFO: Average Global Accurancy = 0.1000, Loss = nan.
2024-06-14 14:52:33,567:INFO: Best Global Accurancy = 0.1014, Loss = 13142617953655233756266496.00, Iter = 12.
2024-06-14 14:55:33,569:INFO: 

-------------Round number: 24 -------------


2024-06-14 14:56:10,729:INFO: Average Global Accurancy = 0.1000, Loss = nan.
2024-06-14 14:56:10,730:INFO: Best Global Accurancy = 0.1014, Loss = 13142617953655233756266496.00, Iter = 12.
2024-06-14 14:59:12,701:INFO: 

-------------Round number: 25 -------------


2024-06-14 14:59:49,895:INFO: Average Global Accurancy = 0.1000, Loss = nan.
2024-06-14 14:59:49,895:INFO: Best Global Accurancy = 0.1014, Loss = 13142617953655233756266496.00, Iter = 12.
2024-06-14 15:02:50,052:INFO: 

-------------Round number: 26 -------------


2024-06-14 15:03:27,278:INFO: Average Global Accurancy = 0.1000, Loss = nan.
2024-06-14 15:03:27,279:INFO: Best Global Accurancy = 0.1014, Loss = 13142617953655233756266496.00, Iter = 12.
2024-06-14 15:06:26,895:INFO: 

-------------Round number: 27 -------------


2024-06-14 15:07:04,080:INFO: Average Global Accurancy = 0.1000, Loss = nan.
2024-06-14 15:07:04,081:INFO: Best Global Accurancy = 0.1014, Loss = 13142617953655233756266496.00, Iter = 12.
2024-06-14 15:10:06,045:INFO: 

-------------Round number: 28 -------------


2024-06-14 15:10:43,198:INFO: Average Global Accurancy = 0.1000, Loss = nan.
2024-06-14 15:10:43,198:INFO: Best Global Accurancy = 0.1014, Loss = 13142617953655233756266496.00, Iter = 12.
2024-06-14 15:13:45,623:INFO: 

-------------Round number: 29 -------------


2024-06-14 15:14:22,814:INFO: Average Global Accurancy = 0.1000, Loss = nan.
2024-06-14 15:14:22,815:INFO: Best Global Accurancy = 0.1014, Loss = 13142617953655233756266496.00, Iter = 12.
2024-06-14 15:17:24,434:INFO: 

-------------Round number: 30 -------------


2024-06-14 15:18:01,518:INFO: Average Global Accurancy = 0.1000, Loss = nan.
2024-06-14 15:18:01,518:INFO: Best Global Accurancy = 0.1014, Loss = 13142617953655233756266496.00, Iter = 12.
2024-06-14 15:21:03,468:INFO: 

-------------Round number: 31 -------------


2024-06-14 15:21:40,596:INFO: Average Global Accurancy = 0.1000, Loss = nan.
2024-06-14 15:21:40,596:INFO: Best Global Accurancy = 0.1014, Loss = 13142617953655233756266496.00, Iter = 12.
2024-06-14 15:24:42,635:INFO: 

-------------Round number: 32 -------------


2024-06-14 15:25:19,678:INFO: Average Global Accurancy = 0.1000, Loss = nan.
2024-06-14 15:25:19,679:INFO: Best Global Accurancy = 0.1014, Loss = 13142617953655233756266496.00, Iter = 12.
2024-06-14 15:28:22,493:INFO: 

-------------Round number: 33 -------------


2024-06-14 15:28:59,603:INFO: Average Global Accurancy = 0.1000, Loss = nan.
2024-06-14 15:28:59,603:INFO: Best Global Accurancy = 0.1014, Loss = 13142617953655233756266496.00, Iter = 12.
2024-06-14 15:32:02,125:INFO: 

-------------Round number: 34 -------------


2024-06-14 15:32:39,262:INFO: Average Global Accurancy = 0.1000, Loss = nan.
2024-06-14 15:32:39,263:INFO: Best Global Accurancy = 0.1014, Loss = 13142617953655233756266496.00, Iter = 12.
2024-06-14 15:35:41,871:INFO: 

-------------Round number: 35 -------------


2024-06-14 15:36:18,934:INFO: Average Global Accurancy = 0.1000, Loss = nan.
2024-06-14 15:36:18,934:INFO: Best Global Accurancy = 0.1014, Loss = 13142617953655233756266496.00, Iter = 12.
2024-06-14 15:39:21,622:INFO: 

-------------Round number: 36 -------------


2024-06-14 15:39:58,744:INFO: Average Global Accurancy = 0.1000, Loss = nan.
2024-06-14 15:39:58,744:INFO: Best Global Accurancy = 0.1014, Loss = 13142617953655233756266496.00, Iter = 12.
2024-06-14 15:43:01,965:INFO: 

-------------Round number: 37 -------------


2024-06-14 15:43:38,998:INFO: Average Global Accurancy = 0.1000, Loss = nan.
2024-06-14 15:43:38,998:INFO: Best Global Accurancy = 0.1014, Loss = 13142617953655233756266496.00, Iter = 12.
2024-06-14 15:46:41,106:INFO: 

-------------Round number: 38 -------------


2024-06-14 15:47:18,366:INFO: Average Global Accurancy = 0.1000, Loss = nan.
2024-06-14 15:47:18,366:INFO: Best Global Accurancy = 0.1014, Loss = 13142617953655233756266496.00, Iter = 12.
2024-06-14 15:50:20,698:INFO: 

-------------Round number: 39 -------------


2024-06-14 15:50:57,877:INFO: Average Global Accurancy = 0.1000, Loss = nan.
2024-06-14 15:50:57,877:INFO: Best Global Accurancy = 0.1014, Loss = 13142617953655233756266496.00, Iter = 12.
2024-06-14 15:54:00,592:INFO: 

-------------Round number: 40 -------------


2024-06-14 15:54:37,757:INFO: Average Global Accurancy = 0.1000, Loss = nan.
2024-06-14 15:54:37,758:INFO: Best Global Accurancy = 0.1014, Loss = 13142617953655233756266496.00, Iter = 12.
2024-06-14 15:57:40,715:INFO: 

-------------Round number: 41 -------------


2024-06-14 15:58:17,965:INFO: Average Global Accurancy = 0.1000, Loss = nan.
2024-06-14 15:58:17,966:INFO: Best Global Accurancy = 0.1014, Loss = 13142617953655233756266496.00, Iter = 12.
2024-06-14 16:01:21,022:INFO: 

-------------Round number: 42 -------------


2024-06-14 16:01:58,195:INFO: Average Global Accurancy = 0.1000, Loss = nan.
2024-06-14 16:01:58,195:INFO: Best Global Accurancy = 0.1014, Loss = 13142617953655233756266496.00, Iter = 12.
2024-06-14 16:05:01,529:INFO: 

-------------Round number: 43 -------------


2024-06-14 16:05:38,665:INFO: Average Global Accurancy = 0.1000, Loss = nan.
2024-06-14 16:05:38,666:INFO: Best Global Accurancy = 0.1014, Loss = 13142617953655233756266496.00, Iter = 12.
2024-06-14 16:08:41,904:INFO: 

-------------Round number: 44 -------------


2024-06-14 16:09:19,174:INFO: Average Global Accurancy = 0.1000, Loss = nan.
2024-06-14 16:09:19,175:INFO: Best Global Accurancy = 0.1014, Loss = 13142617953655233756266496.00, Iter = 12.
2024-06-14 16:12:22,431:INFO: 

-------------Round number: 45 -------------


2024-06-14 16:12:59,564:INFO: Average Global Accurancy = 0.1000, Loss = nan.
2024-06-14 16:12:59,564:INFO: Best Global Accurancy = 0.1014, Loss = 13142617953655233756266496.00, Iter = 12.
2024-06-14 16:16:03,197:INFO: 

-------------Round number: 46 -------------


2024-06-14 16:16:40,300:INFO: Average Global Accurancy = 0.1000, Loss = nan.
2024-06-14 16:16:40,301:INFO: Best Global Accurancy = 0.1014, Loss = 13142617953655233756266496.00, Iter = 12.
2024-06-14 16:19:43,406:INFO: 

-------------Round number: 47 -------------


2024-06-14 16:20:20,561:INFO: Average Global Accurancy = 0.1000, Loss = nan.
2024-06-14 16:20:20,561:INFO: Best Global Accurancy = 0.1014, Loss = 13142617953655233756266496.00, Iter = 12.
2024-06-14 16:23:23,997:INFO: 

-------------Round number: 48 -------------


2024-06-14 16:24:01,262:INFO: Average Global Accurancy = 0.1000, Loss = nan.
2024-06-14 16:24:01,269:INFO: Best Global Accurancy = 0.1014, Loss = 13142617953655233756266496.00, Iter = 12.
2024-06-14 16:27:04,071:INFO: 

-------------Round number: 49 -------------


2024-06-14 16:27:41,330:INFO: Average Global Accurancy = 0.1000, Loss = nan.
2024-06-14 16:27:41,330:INFO: Best Global Accurancy = 0.1014, Loss = 13142617953655233756266496.00, Iter = 12.
2024-06-14 16:30:44,948:INFO: 

-------------Round number: 50 -------------


2024-06-14 16:31:22,221:INFO: Average Global Accurancy = 0.1000, Loss = nan.
2024-06-14 16:31:22,222:INFO: Best Global Accurancy = 0.1014, Loss = 13142617953655233756266496.00, Iter = 12.
2024-06-14 16:34:26,062:INFO: 

-------------Round number: 51 -------------


2024-06-14 16:35:03,396:INFO: Average Global Accurancy = 0.1000, Loss = nan.
2024-06-14 16:35:03,397:INFO: Best Global Accurancy = 0.1014, Loss = 13142617953655233756266496.00, Iter = 12.
2024-06-14 16:38:24,094:INFO: 

-------------Round number: 52 -------------


2024-06-14 16:39:07,637:INFO: Average Global Accurancy = 0.1000, Loss = nan.
2024-06-14 16:39:07,638:INFO: Best Global Accurancy = 0.1014, Loss = 13142617953655233756266496.00, Iter = 12.
2024-06-14 16:42:32,026:INFO: 

-------------Round number: 53 -------------


2024-06-14 16:43:15,678:INFO: Average Global Accurancy = 0.1000, Loss = nan.
2024-06-14 16:43:15,678:INFO: Best Global Accurancy = 0.1014, Loss = 13142617953655233756266496.00, Iter = 12.
2024-06-14 16:46:39,385:INFO: 

-------------Round number: 54 -------------


2024-06-14 16:47:22,890:INFO: Average Global Accurancy = 0.1000, Loss = nan.
2024-06-14 16:47:22,891:INFO: Best Global Accurancy = 0.1014, Loss = 13142617953655233756266496.00, Iter = 12.
2024-06-14 16:50:47,161:INFO: 

-------------Round number: 55 -------------


2024-06-14 16:51:30,652:INFO: Average Global Accurancy = 0.1000, Loss = nan.
2024-06-14 16:51:30,653:INFO: Best Global Accurancy = 0.1014, Loss = 13142617953655233756266496.00, Iter = 12.
2024-06-14 16:54:55,542:INFO: 

-------------Round number: 56 -------------


2024-06-14 16:55:39,167:INFO: Average Global Accurancy = 0.1000, Loss = nan.
2024-06-14 16:55:39,168:INFO: Best Global Accurancy = 0.1014, Loss = 13142617953655233756266496.00, Iter = 12.
2024-06-14 16:59:03,469:INFO: 

-------------Round number: 57 -------------


2024-06-14 16:59:46,953:INFO: Average Global Accurancy = 0.1000, Loss = nan.
2024-06-14 16:59:46,955:INFO: Best Global Accurancy = 0.1014, Loss = 13142617953655233756266496.00, Iter = 12.
2024-06-14 17:03:11,595:INFO: 

-------------Round number: 58 -------------


2024-06-14 17:03:55,127:INFO: Average Global Accurancy = 0.1000, Loss = nan.
2024-06-14 17:03:55,127:INFO: Best Global Accurancy = 0.1014, Loss = 13142617953655233756266496.00, Iter = 12.
2024-06-14 17:07:20,269:INFO: 

-------------Round number: 59 -------------


2024-06-14 17:08:03,944:INFO: Average Global Accurancy = 0.1000, Loss = nan.
2024-06-14 17:08:03,944:INFO: Best Global Accurancy = 0.1014, Loss = 13142617953655233756266496.00, Iter = 12.
2024-06-14 17:11:29,054:INFO: 

-------------Round number: 60 -------------


2024-06-14 17:12:12,578:INFO: Average Global Accurancy = 0.1000, Loss = nan.
2024-06-14 17:12:12,578:INFO: Best Global Accurancy = 0.1014, Loss = 13142617953655233756266496.00, Iter = 12.
2024-06-14 17:15:38,426:INFO: 

-------------Round number: 61 -------------


2024-06-14 17:16:22,051:INFO: Average Global Accurancy = 0.1000, Loss = nan.
2024-06-14 17:16:22,052:INFO: Best Global Accurancy = 0.1014, Loss = 13142617953655233756266496.00, Iter = 12.
2024-06-14 17:19:46,188:INFO: 

-------------Round number: 62 -------------


2024-06-14 17:20:29,914:INFO: Average Global Accurancy = 0.1000, Loss = nan.
2024-06-14 17:20:29,915:INFO: Best Global Accurancy = 0.1014, Loss = 13142617953655233756266496.00, Iter = 12.
2024-06-14 17:23:53,381:INFO: 

-------------Round number: 63 -------------


2024-06-14 17:24:36,905:INFO: Average Global Accurancy = 0.1000, Loss = nan.
2024-06-14 17:24:36,906:INFO: Best Global Accurancy = 0.1014, Loss = 13142617953655233756266496.00, Iter = 12.
2024-06-14 17:28:02,029:INFO: 

-------------Round number: 64 -------------


2024-06-14 17:28:45,647:INFO: Average Global Accurancy = 0.1000, Loss = nan.
2024-06-14 17:28:45,648:INFO: Best Global Accurancy = 0.1014, Loss = 13142617953655233756266496.00, Iter = 12.
2024-06-14 17:32:10,837:INFO: 

-------------Round number: 65 -------------


2024-06-14 17:32:54,479:INFO: Average Global Accurancy = 0.1000, Loss = nan.
2024-06-14 17:32:54,480:INFO: Best Global Accurancy = 0.1014, Loss = 13142617953655233756266496.00, Iter = 12.
2024-06-14 17:36:19,514:INFO: 

-------------Round number: 66 -------------


2024-06-14 17:37:03,179:INFO: Average Global Accurancy = 0.1000, Loss = nan.
2024-06-14 17:37:03,180:INFO: Best Global Accurancy = 0.1014, Loss = 13142617953655233756266496.00, Iter = 12.
2024-06-14 17:40:27,388:INFO: 

-------------Round number: 67 -------------


2024-06-14 17:41:10,948:INFO: Average Global Accurancy = 0.1000, Loss = nan.
2024-06-14 17:41:10,948:INFO: Best Global Accurancy = 0.1014, Loss = 13142617953655233756266496.00, Iter = 12.
2024-06-14 17:44:36,199:INFO: 

-------------Round number: 68 -------------


2024-06-14 17:45:19,770:INFO: Average Global Accurancy = 0.1000, Loss = nan.
2024-06-14 17:45:19,771:INFO: Best Global Accurancy = 0.1014, Loss = 13142617953655233756266496.00, Iter = 12.
2024-06-14 17:48:45,430:INFO: 

-------------Round number: 69 -------------


2024-06-14 17:49:28,878:INFO: Average Global Accurancy = 0.1000, Loss = nan.
2024-06-14 17:49:28,878:INFO: Best Global Accurancy = 0.1014, Loss = 13142617953655233756266496.00, Iter = 12.
2024-06-14 17:52:54,055:INFO: 

-------------Round number: 70 -------------


2024-06-14 17:53:37,611:INFO: Average Global Accurancy = 0.1000, Loss = nan.
2024-06-14 17:53:37,611:INFO: Best Global Accurancy = 0.1014, Loss = 13142617953655233756266496.00, Iter = 12.
2024-06-14 17:57:03,310:INFO: 

-------------Round number: 71 -------------


2024-06-14 17:57:46,863:INFO: Average Global Accurancy = 0.1000, Loss = nan.
2024-06-14 17:57:46,864:INFO: Best Global Accurancy = 0.1014, Loss = 13142617953655233756266496.00, Iter = 12.
2024-06-14 18:01:12,568:INFO: 

-------------Round number: 72 -------------


2024-06-14 18:01:56,111:INFO: Average Global Accurancy = 0.1000, Loss = nan.
2024-06-14 18:01:56,112:INFO: Best Global Accurancy = 0.1014, Loss = 13142617953655233756266496.00, Iter = 12.
2024-06-14 18:05:21,367:INFO: 

-------------Round number: 73 -------------


2024-06-14 18:06:04,778:INFO: Average Global Accurancy = 0.1000, Loss = nan.
2024-06-14 18:06:04,778:INFO: Best Global Accurancy = 0.1014, Loss = 13142617953655233756266496.00, Iter = 12.
2024-06-14 18:09:30,166:INFO: 

-------------Round number: 74 -------------


2024-06-14 18:10:13,604:INFO: Average Global Accurancy = 0.1000, Loss = nan.
2024-06-14 18:10:13,604:INFO: Best Global Accurancy = 0.1014, Loss = 13142617953655233756266496.00, Iter = 12.
2024-06-14 18:13:38,382:INFO: 

-------------Round number: 75 -------------


2024-06-14 18:14:21,780:INFO: Average Global Accurancy = 0.1000, Loss = nan.
2024-06-14 18:14:21,780:INFO: Best Global Accurancy = 0.1014, Loss = 13142617953655233756266496.00, Iter = 12.
2024-06-14 18:17:45,751:INFO: 

-------------Round number: 76 -------------


2024-06-14 18:18:29,262:INFO: Average Global Accurancy = 0.1000, Loss = nan.
2024-06-14 18:18:29,263:INFO: Best Global Accurancy = 0.1014, Loss = 13142617953655233756266496.00, Iter = 12.
2024-06-14 18:21:56,617:INFO: 

-------------Round number: 77 -------------


2024-06-14 18:22:40,130:INFO: Average Global Accurancy = 0.1000, Loss = nan.
2024-06-14 18:22:40,130:INFO: Best Global Accurancy = 0.1014, Loss = 13142617953655233756266496.00, Iter = 12.
2024-06-14 18:26:04,512:INFO: 

-------------Round number: 78 -------------


2024-06-14 18:26:48,087:INFO: Average Global Accurancy = 0.1000, Loss = nan.
2024-06-14 18:26:48,088:INFO: Best Global Accurancy = 0.1014, Loss = 13142617953655233756266496.00, Iter = 12.
2024-06-14 18:30:12,403:INFO: 

-------------Round number: 79 -------------


2024-06-14 18:30:55,968:INFO: Average Global Accurancy = 0.1000, Loss = nan.
2024-06-14 18:30:55,969:INFO: Best Global Accurancy = 0.1014, Loss = 13142617953655233756266496.00, Iter = 12.
2024-06-14 18:34:20,330:INFO: 

-------------Round number: 80 -------------


2024-06-14 18:35:03,779:INFO: Average Global Accurancy = 0.1000, Loss = nan.
2024-06-14 18:35:03,780:INFO: Best Global Accurancy = 0.1014, Loss = 13142617953655233756266496.00, Iter = 12.
2024-06-14 18:38:27,765:INFO: 

-------------Round number: 81 -------------


2024-06-14 18:39:11,235:INFO: Average Global Accurancy = 0.1000, Loss = nan.
2024-06-14 18:39:11,235:INFO: Best Global Accurancy = 0.1014, Loss = 13142617953655233756266496.00, Iter = 12.
2024-06-14 18:42:34,821:INFO: 

-------------Round number: 82 -------------


2024-06-14 18:43:18,291:INFO: Average Global Accurancy = 0.1000, Loss = nan.
2024-06-14 18:43:18,291:INFO: Best Global Accurancy = 0.1014, Loss = 13142617953655233756266496.00, Iter = 12.
2024-06-14 18:46:41,504:INFO: 

-------------Round number: 83 -------------


2024-06-14 18:47:25,148:INFO: Average Global Accurancy = 0.1000, Loss = nan.
2024-06-14 18:47:25,148:INFO: Best Global Accurancy = 0.1014, Loss = 13142617953655233756266496.00, Iter = 12.
2024-06-14 18:50:51,250:INFO: 

-------------Round number: 84 -------------


2024-06-14 18:51:34,828:INFO: Average Global Accurancy = 0.1000, Loss = nan.
2024-06-14 18:51:34,828:INFO: Best Global Accurancy = 0.1014, Loss = 13142617953655233756266496.00, Iter = 12.
2024-06-14 18:55:08,552:INFO: 

-------------Round number: 85 -------------


2024-06-14 18:55:52,118:INFO: Average Global Accurancy = 0.1000, Loss = nan.
2024-06-14 18:55:52,118:INFO: Best Global Accurancy = 0.1014, Loss = 13142617953655233756266496.00, Iter = 12.
2024-06-14 18:59:25,855:INFO: 

-------------Round number: 86 -------------


2024-06-14 19:00:09,287:INFO: Average Global Accurancy = 0.1000, Loss = nan.
2024-06-14 19:00:09,288:INFO: Best Global Accurancy = 0.1014, Loss = 13142617953655233756266496.00, Iter = 12.
2024-06-14 19:03:43,335:INFO: 

-------------Round number: 87 -------------


2024-06-14 19:04:26,861:INFO: Average Global Accurancy = 0.1000, Loss = nan.
2024-06-14 19:04:26,862:INFO: Best Global Accurancy = 0.1014, Loss = 13142617953655233756266496.00, Iter = 12.
2024-06-14 19:08:01,611:INFO: 

-------------Round number: 88 -------------


2024-06-14 19:08:45,120:INFO: Average Global Accurancy = 0.1000, Loss = nan.
2024-06-14 19:08:45,121:INFO: Best Global Accurancy = 0.1014, Loss = 13142617953655233756266496.00, Iter = 12.
2024-06-14 19:12:19,761:INFO: 

-------------Round number: 89 -------------


2024-06-14 19:13:03,651:INFO: Average Global Accurancy = 0.1000, Loss = nan.
2024-06-14 19:13:03,651:INFO: Best Global Accurancy = 0.1014, Loss = 13142617953655233756266496.00, Iter = 12.
2024-06-14 19:16:38,071:INFO: 

-------------Round number: 90 -------------


2024-06-14 19:17:21,477:INFO: Average Global Accurancy = 0.1000, Loss = nan.
2024-06-14 19:17:21,477:INFO: Best Global Accurancy = 0.1014, Loss = 13142617953655233756266496.00, Iter = 12.
2024-06-14 19:20:56,091:INFO: 

-------------Round number: 91 -------------


2024-06-14 19:21:39,537:INFO: Average Global Accurancy = 0.1000, Loss = nan.
2024-06-14 19:21:39,537:INFO: Best Global Accurancy = 0.1014, Loss = 13142617953655233756266496.00, Iter = 12.
2024-06-14 19:25:13,964:INFO: 

-------------Round number: 92 -------------


2024-06-14 19:25:57,394:INFO: Average Global Accurancy = 0.1000, Loss = nan.
2024-06-14 19:25:57,394:INFO: Best Global Accurancy = 0.1014, Loss = 13142617953655233756266496.00, Iter = 12.
2024-06-14 19:29:31,328:INFO: 

-------------Round number: 93 -------------


2024-06-14 19:30:14,827:INFO: Average Global Accurancy = 0.1000, Loss = nan.
2024-06-14 19:30:14,828:INFO: Best Global Accurancy = 0.1014, Loss = 13142617953655233756266496.00, Iter = 12.
2024-06-14 19:33:46,994:INFO: 

-------------Round number: 94 -------------


2024-06-14 19:34:30,394:INFO: Average Global Accurancy = 0.1000, Loss = nan.
2024-06-14 19:34:30,395:INFO: Best Global Accurancy = 0.1014, Loss = 13142617953655233756266496.00, Iter = 12.
2024-06-14 19:37:54,036:INFO: 

-------------Round number: 95 -------------


2024-06-14 19:38:37,531:INFO: Average Global Accurancy = 0.1000, Loss = nan.
2024-06-14 19:38:37,532:INFO: Best Global Accurancy = 0.1014, Loss = 13142617953655233756266496.00, Iter = 12.
2024-06-14 19:42:01,918:INFO: 

-------------Round number: 96 -------------


2024-06-14 19:42:45,527:INFO: Average Global Accurancy = 0.1000, Loss = nan.
2024-06-14 19:42:45,527:INFO: Best Global Accurancy = 0.1014, Loss = 13142617953655233756266496.00, Iter = 12.
2024-06-14 19:46:09,583:INFO: 

-------------Round number: 97 -------------


2024-06-14 19:46:53,101:INFO: Average Global Accurancy = 0.1000, Loss = nan.
2024-06-14 19:46:53,101:INFO: Best Global Accurancy = 0.1014, Loss = 13142617953655233756266496.00, Iter = 12.
2024-06-14 19:50:17,668:INFO: 

-------------Round number: 98 -------------


2024-06-14 19:51:01,081:INFO: Average Global Accurancy = 0.1000, Loss = nan.
2024-06-14 19:51:01,082:INFO: Best Global Accurancy = 0.1014, Loss = 13142617953655233756266496.00, Iter = 12.
2024-06-14 19:54:25,350:INFO: 

-------------Round number: 99 -------------


2024-06-14 19:55:08,967:INFO: Average Global Accurancy = 0.1000, Loss = nan.
2024-06-14 19:55:08,967:INFO: Best Global Accurancy = 0.1014, Loss = 13142617953655233756266496.00, Iter = 12.
2024-06-14 19:58:33,051:INFO: 

-------------Round number: 100 -------------


2024-06-14 19:59:16,671:INFO: Average Global Accurancy = 0.1000, Loss = nan.
2024-06-14 19:59:16,672:INFO: Best Global Accurancy = 0.1014, Loss = 13142617953655233756266496.00, Iter = 12.
2024-06-14 20:02:40,181:INFO: 

-------------Round number: 101 -------------


2024-06-14 20:03:23,769:INFO: Average Global Accurancy = 0.1000, Loss = nan.
2024-06-14 20:03:23,769:INFO: Best Global Accurancy = 0.1014, Loss = 13142617953655233756266496.00, Iter = 12.
2024-06-14 20:06:47,559:INFO: 

-------------Round number: 102 -------------


2024-06-14 20:07:31,067:INFO: Average Global Accurancy = 0.1000, Loss = nan.
2024-06-14 20:07:31,068:INFO: Best Global Accurancy = 0.1014, Loss = 13142617953655233756266496.00, Iter = 12.
2024-06-14 20:10:54,179:INFO: 

-------------Round number: 103 -------------


2024-06-14 20:11:37,578:INFO: Average Global Accurancy = 0.1000, Loss = nan.
2024-06-14 20:11:37,579:INFO: Best Global Accurancy = 0.1014, Loss = 13142617953655233756266496.00, Iter = 12.
2024-06-14 20:15:01,579:INFO: 

-------------Round number: 104 -------------


2024-06-14 20:15:45,320:INFO: Average Global Accurancy = 0.1000, Loss = nan.
2024-06-14 20:15:45,321:INFO: Best Global Accurancy = 0.1014, Loss = 13142617953655233756266496.00, Iter = 12.
2024-06-14 20:19:10,046:INFO: 

-------------Round number: 105 -------------


2024-06-14 20:19:53,519:INFO: Average Global Accurancy = 0.1000, Loss = nan.
2024-06-14 20:19:53,519:INFO: Best Global Accurancy = 0.1014, Loss = 13142617953655233756266496.00, Iter = 12.
2024-06-14 20:23:18,215:INFO: 

-------------Round number: 106 -------------


2024-06-14 20:24:01,548:INFO: Average Global Accurancy = 0.1000, Loss = nan.
2024-06-14 20:24:01,548:INFO: Best Global Accurancy = 0.1014, Loss = 13142617953655233756266496.00, Iter = 12.
2024-06-14 20:27:25,978:INFO: 

-------------Round number: 107 -------------


2024-06-14 20:28:09,513:INFO: Average Global Accurancy = 0.1000, Loss = nan.
2024-06-14 20:28:09,514:INFO: Best Global Accurancy = 0.1014, Loss = 13142617953655233756266496.00, Iter = 12.
2024-06-14 20:31:33,852:INFO: 

-------------Round number: 108 -------------


2024-06-14 20:32:17,482:INFO: Average Global Accurancy = 0.1000, Loss = nan.
2024-06-14 20:32:17,483:INFO: Best Global Accurancy = 0.1014, Loss = 13142617953655233756266496.00, Iter = 12.
2024-06-14 20:35:41,730:INFO: 

-------------Round number: 109 -------------


2024-06-14 20:36:25,219:INFO: Average Global Accurancy = 0.1000, Loss = nan.
2024-06-14 20:36:25,219:INFO: Best Global Accurancy = 0.1014, Loss = 13142617953655233756266496.00, Iter = 12.
2024-06-14 20:39:49,840:INFO: 

-------------Round number: 110 -------------


2024-06-14 20:40:33,361:INFO: Average Global Accurancy = 0.1000, Loss = nan.
2024-06-14 20:40:33,362:INFO: Best Global Accurancy = 0.1014, Loss = 13142617953655233756266496.00, Iter = 12.
2024-06-14 20:43:57,336:INFO: 

-------------Round number: 111 -------------


2024-06-14 20:44:40,729:INFO: Average Global Accurancy = 0.1000, Loss = nan.
2024-06-14 20:44:40,729:INFO: Best Global Accurancy = 0.1014, Loss = 13142617953655233756266496.00, Iter = 12.
2024-06-14 20:48:05,145:INFO: 

-------------Round number: 112 -------------


2024-06-14 20:48:48,585:INFO: Average Global Accurancy = 0.1000, Loss = nan.
2024-06-14 20:48:48,585:INFO: Best Global Accurancy = 0.1014, Loss = 13142617953655233756266496.00, Iter = 12.
2024-06-14 20:52:12,544:INFO: 

-------------Round number: 113 -------------


2024-06-14 20:52:56,068:INFO: Average Global Accurancy = 0.1000, Loss = nan.
2024-06-14 20:52:56,068:INFO: Best Global Accurancy = 0.1014, Loss = 13142617953655233756266496.00, Iter = 12.
2024-06-14 20:56:20,169:INFO: 

-------------Round number: 114 -------------


2024-06-14 20:57:03,661:INFO: Average Global Accurancy = 0.1000, Loss = nan.
2024-06-14 20:57:03,661:INFO: Best Global Accurancy = 0.1014, Loss = 13142617953655233756266496.00, Iter = 12.
2024-06-14 21:00:27,644:INFO: 

-------------Round number: 115 -------------


2024-06-14 21:01:11,146:INFO: Average Global Accurancy = 0.1000, Loss = nan.
2024-06-14 21:01:11,146:INFO: Best Global Accurancy = 0.1014, Loss = 13142617953655233756266496.00, Iter = 12.
2024-06-14 21:04:35,455:INFO: 

-------------Round number: 116 -------------


2024-06-14 21:05:18,901:INFO: Average Global Accurancy = 0.1000, Loss = nan.
2024-06-14 21:05:18,901:INFO: Best Global Accurancy = 0.1014, Loss = 13142617953655233756266496.00, Iter = 12.
2024-06-14 21:08:43,552:INFO: 

-------------Round number: 117 -------------


2024-06-14 21:09:26,995:INFO: Average Global Accurancy = 0.1000, Loss = nan.
2024-06-14 21:09:26,995:INFO: Best Global Accurancy = 0.1014, Loss = 13142617953655233756266496.00, Iter = 12.
2024-06-14 21:12:51,648:INFO: 

-------------Round number: 118 -------------


2024-06-14 21:13:35,127:INFO: Average Global Accurancy = 0.1000, Loss = nan.
2024-06-14 21:13:35,127:INFO: Best Global Accurancy = 0.1014, Loss = 13142617953655233756266496.00, Iter = 12.
2024-06-14 21:16:59,195:INFO: 

-------------Round number: 119 -------------


2024-06-14 21:17:42,703:INFO: Average Global Accurancy = 0.1000, Loss = nan.
2024-06-14 21:17:42,704:INFO: Best Global Accurancy = 0.1014, Loss = 13142617953655233756266496.00, Iter = 12.
2024-06-14 21:21:06,281:INFO: 

-------------Round number: 120 -------------


2024-06-14 21:21:49,927:INFO: Average Global Accurancy = 0.1000, Loss = nan.
2024-06-14 21:21:49,928:INFO: Best Global Accurancy = 0.1014, Loss = 13142617953655233756266496.00, Iter = 12.
2024-06-14 21:25:14,544:INFO: 

-------------Round number: 121 -------------


2024-06-14 21:25:57,937:INFO: Average Global Accurancy = 0.1000, Loss = nan.
2024-06-14 21:25:57,937:INFO: Best Global Accurancy = 0.1014, Loss = 13142617953655233756266496.00, Iter = 12.
2024-06-14 21:29:23,474:INFO: 

-------------Round number: 122 -------------


2024-06-14 21:30:07,033:INFO: Average Global Accurancy = 0.1000, Loss = nan.
2024-06-14 21:30:07,033:INFO: Best Global Accurancy = 0.1014, Loss = 13142617953655233756266496.00, Iter = 12.
2024-06-14 21:33:32,336:INFO: 

-------------Round number: 123 -------------


2024-06-14 21:34:15,850:INFO: Average Global Accurancy = 0.1000, Loss = nan.
2024-06-14 21:34:15,851:INFO: Best Global Accurancy = 0.1014, Loss = 13142617953655233756266496.00, Iter = 12.
2024-06-14 21:37:41,145:INFO: 

-------------Round number: 124 -------------


2024-06-14 21:38:24,553:INFO: Average Global Accurancy = 0.1000, Loss = nan.
2024-06-14 21:38:24,554:INFO: Best Global Accurancy = 0.1014, Loss = 13142617953655233756266496.00, Iter = 12.
2024-06-14 21:41:49,977:INFO: 

-------------Round number: 125 -------------


2024-06-14 21:42:33,369:INFO: Average Global Accurancy = 0.1000, Loss = nan.
2024-06-14 21:42:33,370:INFO: Best Global Accurancy = 0.1014, Loss = 13142617953655233756266496.00, Iter = 12.
2024-06-14 21:45:58,024:INFO: 

-------------Round number: 126 -------------


2024-06-14 21:46:41,560:INFO: Average Global Accurancy = 0.1000, Loss = nan.
2024-06-14 21:46:41,561:INFO: Best Global Accurancy = 0.1014, Loss = 13142617953655233756266496.00, Iter = 12.
2024-06-14 21:50:06,448:INFO: 

-------------Round number: 127 -------------


2024-06-14 21:50:49,843:INFO: Average Global Accurancy = 0.1000, Loss = nan.
2024-06-14 21:50:49,843:INFO: Best Global Accurancy = 0.1014, Loss = 13142617953655233756266496.00, Iter = 12.
2024-06-14 21:54:14,515:INFO: 

-------------Round number: 128 -------------


2024-06-14 21:54:57,799:INFO: Average Global Accurancy = 0.1000, Loss = nan.
2024-06-14 21:54:57,800:INFO: Best Global Accurancy = 0.1014, Loss = 13142617953655233756266496.00, Iter = 12.
2024-06-14 21:58:21,354:INFO: 

-------------Round number: 129 -------------


2024-06-14 21:59:04,748:INFO: Average Global Accurancy = 0.1000, Loss = nan.
2024-06-14 21:59:04,748:INFO: Best Global Accurancy = 0.1014, Loss = 13142617953655233756266496.00, Iter = 12.
2024-06-14 22:02:29,826:INFO: 

-------------Round number: 130 -------------


2024-06-14 22:03:13,229:INFO: Average Global Accurancy = 0.1000, Loss = nan.
2024-06-14 22:03:13,230:INFO: Best Global Accurancy = 0.1014, Loss = 13142617953655233756266496.00, Iter = 12.
2024-06-14 22:06:36,830:INFO: 

-------------Round number: 131 -------------


2024-06-14 22:07:20,186:INFO: Average Global Accurancy = 0.1000, Loss = nan.
2024-06-14 22:07:20,186:INFO: Best Global Accurancy = 0.1014, Loss = 13142617953655233756266496.00, Iter = 12.
2024-06-14 22:10:45,232:INFO: 

-------------Round number: 132 -------------


2024-06-14 22:11:28,602:INFO: Average Global Accurancy = 0.1000, Loss = nan.
2024-06-14 22:11:28,603:INFO: Best Global Accurancy = 0.1014, Loss = 13142617953655233756266496.00, Iter = 12.
2024-06-14 22:14:53,037:INFO: 

-------------Round number: 133 -------------


2024-06-14 22:15:36,433:INFO: Average Global Accurancy = 0.1000, Loss = nan.
2024-06-14 22:15:36,433:INFO: Best Global Accurancy = 0.1014, Loss = 13142617953655233756266496.00, Iter = 12.
2024-06-14 22:19:01,689:INFO: 

-------------Round number: 134 -------------


2024-06-14 22:19:40,893:INFO: Average Global Accurancy = 0.1000, Loss = nan.
2024-06-14 22:19:40,893:INFO: Best Global Accurancy = 0.1014, Loss = 13142617953655233756266496.00, Iter = 12.
2024-06-14 22:22:59,104:INFO: 

-------------Round number: 135 -------------


2024-06-14 22:23:42,726:INFO: Average Global Accurancy = 0.1000, Loss = nan.
2024-06-14 22:23:42,727:INFO: Best Global Accurancy = 0.1014, Loss = 13142617953655233756266496.00, Iter = 12.
2024-06-14 22:27:08,938:INFO: 

-------------Round number: 136 -------------


2024-06-14 22:27:52,585:INFO: Average Global Accurancy = 0.1000, Loss = nan.
2024-06-14 22:27:52,585:INFO: Best Global Accurancy = 0.1014, Loss = 13142617953655233756266496.00, Iter = 12.
2024-06-14 22:31:19,126:INFO: 

-------------Round number: 137 -------------


2024-06-14 22:32:02,964:INFO: Average Global Accurancy = 0.1000, Loss = nan.
2024-06-14 22:32:02,964:INFO: Best Global Accurancy = 0.1014, Loss = 13142617953655233756266496.00, Iter = 12.
2024-06-14 22:35:29,508:INFO: 

-------------Round number: 138 -------------


2024-06-14 22:36:13,261:INFO: Average Global Accurancy = 0.1000, Loss = nan.
2024-06-14 22:36:13,261:INFO: Best Global Accurancy = 0.1014, Loss = 13142617953655233756266496.00, Iter = 12.
2024-06-14 22:39:39,377:INFO: 

-------------Round number: 139 -------------


2024-06-14 22:40:23,128:INFO: Average Global Accurancy = 0.1000, Loss = nan.
2024-06-14 22:40:23,128:INFO: Best Global Accurancy = 0.1014, Loss = 13142617953655233756266496.00, Iter = 12.
2024-06-14 22:43:48,549:INFO: 

-------------Round number: 140 -------------


2024-06-14 22:44:32,194:INFO: Average Global Accurancy = 0.1000, Loss = nan.
2024-06-14 22:44:32,195:INFO: Best Global Accurancy = 0.1014, Loss = 13142617953655233756266496.00, Iter = 12.
2024-06-14 22:47:57,655:INFO: 

-------------Round number: 141 -------------


2024-06-14 22:48:41,418:INFO: Average Global Accurancy = 0.1000, Loss = nan.
2024-06-14 22:48:41,418:INFO: Best Global Accurancy = 0.1014, Loss = 13142617953655233756266496.00, Iter = 12.
2024-06-14 22:52:08,826:INFO: 

-------------Round number: 142 -------------


2024-06-14 22:52:52,692:INFO: Average Global Accurancy = 0.1000, Loss = nan.
2024-06-14 22:52:52,693:INFO: Best Global Accurancy = 0.1014, Loss = 13142617953655233756266496.00, Iter = 12.
2024-06-14 22:56:17,590:INFO: 

-------------Round number: 143 -------------


2024-06-14 22:57:01,376:INFO: Average Global Accurancy = 0.1000, Loss = nan.
2024-06-14 22:57:01,377:INFO: Best Global Accurancy = 0.1014, Loss = 13142617953655233756266496.00, Iter = 12.
2024-06-14 23:00:29,087:INFO: 

-------------Round number: 144 -------------


2024-06-14 23:01:12,734:INFO: Average Global Accurancy = 0.1000, Loss = nan.
2024-06-14 23:01:12,735:INFO: Best Global Accurancy = 0.1014, Loss = 13142617953655233756266496.00, Iter = 12.
2024-06-14 23:04:38,166:INFO: 

-------------Round number: 145 -------------


2024-06-14 23:05:21,952:INFO: Average Global Accurancy = 0.1000, Loss = nan.
2024-06-14 23:05:21,953:INFO: Best Global Accurancy = 0.1014, Loss = 13142617953655233756266496.00, Iter = 12.
2024-06-14 23:08:48,959:INFO: 

-------------Round number: 146 -------------


2024-06-14 23:09:32,767:INFO: Average Global Accurancy = 0.1000, Loss = nan.
2024-06-14 23:09:32,767:INFO: Best Global Accurancy = 0.1014, Loss = 13142617953655233756266496.00, Iter = 12.
2024-06-14 23:12:59,078:INFO: 

-------------Round number: 147 -------------


2024-06-14 23:13:42,903:INFO: Average Global Accurancy = 0.1000, Loss = nan.
2024-06-14 23:13:42,903:INFO: Best Global Accurancy = 0.1014, Loss = 13142617953655233756266496.00, Iter = 12.
2024-06-14 23:17:08,975:INFO: 

-------------Round number: 148 -------------


2024-06-14 23:17:52,767:INFO: Average Global Accurancy = 0.1000, Loss = nan.
2024-06-14 23:17:52,767:INFO: Best Global Accurancy = 0.1014, Loss = 13142617953655233756266496.00, Iter = 12.
2024-06-14 23:21:18,703:INFO: 

-------------Round number: 149 -------------


2024-06-14 23:22:02,447:INFO: Average Global Accurancy = 0.1000, Loss = nan.
2024-06-14 23:22:02,447:INFO: Best Global Accurancy = 0.1014, Loss = 13142617953655233756266496.00, Iter = 12.
